{
"contracts\\MinterReceiver.sol":{"l":{"13":186},"path":"C:\\Users\\spres\\Desktop\\staker-shares-contracts\\contracts\\MinterReceiver.sol","s":{"1":186},"b":{},"f":{"1":186},"fnMap":{"1":{"name":"supportsInterface","line":12,"loc":{"start":{"line":12,"column":4},"end":{"line":14,"column":4}}}},"statementMap":{"1":{"start":{"line":13,"column":8},"end":{"line":13,"column":102}}},"branchMap":{}},
"contracts\\ShareMarket.sol":{"l":{"69":270,"70":270,"71":270,"72":262,"76":18,"77":18,"87":63,"90":62,"93":62,"96":62,"98":62,"103":8,"106":7,"107":7,"112":4,"113":4,"114":3,"115":3,"122":528,"123":528,"124":528,"131":14,"132":14,"133":14,"139":15,"146":356,"152":2,"153":2,"154":10,"155":10,"158":2,"170":255,"171":253,"179":265,"181":264,"182":264,"186":263,"190":263,"191":2,"192":2,"196":263,"197":263,"198":263,"201":263,"202":263,"203":263,"204":263,"220":7,"221":7,"222":7,"225":7,"226":7,"229":7,"231":3,"232":3,"234":3,"236":3,"241":7,"242":7,"243":5,"246":5,"248":1,"250":1,"252":1,"254":1,"255":1,"264":5,"267":7,"268":4,"269":4,"275":6,"276":3,"277":3,"281":7,"282":7,"283":6,"285":5,"286":5,"287":5,"289":4,"290":4,"291":4},"path":"C:\\Users\\spres\\Desktop\\staker-shares-contracts\\contracts\\ShareMarket.sol","s":{"1":270,"2":270,"3":262,"4":18,"5":18,"6":63,"7":62,"8":62,"9":62,"10":62,"11":8,"12":7,"13":7,"14":4,"15":4,"16":1,"17":3,"18":3,"19":528,"20":528,"21":528,"22":14,"23":14,"24":14,"25":15,"26":356,"27":2,"28":2,"29":10,"30":10,"31":2,"32":255,"33":253,"34":265,"35":264,"36":264,"37":263,"38":263,"39":2,"40":2,"41":263,"42":263,"43":263,"44":263,"45":263,"46":263,"47":263,"48":7,"49":7,"50":7,"51":7,"52":7,"53":7,"54":3,"55":3,"56":3,"57":3,"58":7,"59":7,"60":5,"61":5,"62":1,"63":1,"64":1,"65":1,"66":5,"67":1,"68":7,"69":4,"70":4,"71":6,"72":3,"73":3,"74":7,"75":7,"76":6,"77":5,"78":5,"79":5,"80":4,"81":4,"82":4},"b":{"1":[270,0],"2":[62,1],"3":[7,1],"4":[1,3],"5":[264,1],"6":[263,1],"7":[2,261],"8":[7,0],"9":[3,4],"10":[5,2],"11":[1,4],"12":[1,4],"13":[4,3],"14":[3,0],"15":[6,1],"16":[5,1],"17":[4,1]},"f":{"1":270,"2":18,"3":63,"4":8,"5":4,"6":528,"7":14,"8":15,"9":356,"10":2,"11":255,"12":265,"13":7,"14":6,"15":7},"fnMap":{"1":{"name":"lock","line":68,"loc":{"start":{"line":68,"column":4},"end":{"line":73,"column":4}}},"2":{"name":"constructor","line":75,"loc":{"start":{"line":75,"column":4},"end":{"line":78,"column":4}}},"3":{"name":"onSharesMinted","line":81,"loc":{"start":{"line":81,"column":4},"end":{"line":99,"column":4}}},"4":{"name":"onEarningsMinted","line":102,"loc":{"start":{"line":102,"column":4},"end":{"line":108,"column":4}}},"5":{"name":"supplierHeartsPayable","line":111,"loc":{"start":{"line":111,"column":4},"end":{"line":116,"column":4}}},"6":{"name":"listingBalances","line":121,"loc":{"start":{"line":121,"column":4},"end":{"line":125,"column":4}}},"7":{"name":"listingEarnings","line":130,"loc":{"start":{"line":130,"column":4},"end":{"line":134,"column":4}}},"8":{"name":"sharesOwned","line":138,"loc":{"start":{"line":138,"column":4},"end":{"line":140,"column":4}}},"9":{"name":"_hash","line":145,"loc":{"start":{"line":145,"column":4},"end":{"line":147,"column":4}}},"10":{"name":"multiBuyShares","line":151,"loc":{"start":{"line":151,"column":4},"end":{"line":159,"column":4}}},"11":{"name":"buyShares","line":169,"loc":{"start":{"line":165,"column":4},"end":{"line":172,"column":4}}},"12":{"name":"_buyShares","line":174,"loc":{"start":{"line":174,"column":4},"end":{"line":210,"column":4}}},"13":{"name":"supplierWithdraw","line":218,"loc":{"start":{"line":218,"column":4},"end":{"line":270,"column":4}}},"14":{"name":"claimEarnings","line":274,"loc":{"start":{"line":274,"column":4},"end":{"line":278,"column":4}}},"15":{"name":"_claimEarnings","line":280,"loc":{"start":{"line":280,"column":4},"end":{"line":292,"column":4}}}},"statementMap":{"1":{"start":{"line":69,"column":8},"end":{"line":69,"column":39}},"2":{"start":{"line":70,"column":8},"end":{"line":70,"column":19}},"3":{"start":{"line":72,"column":8},"end":{"line":72,"column":19}},"4":{"start":{"line":76,"column":8},"end":{"line":76,"column":25}},"5":{"start":{"line":77,"column":8},"end":{"line":77,"column":31}},"6":{"start":{"line":87,"column":8},"end":{"line":87,"column":65}},"7":{"start":{"line":90,"column":8},"end":{"line":90,"column":71}},"8":{"start":{"line":93,"column":8},"end":{"line":93,"column":55}},"9":{"start":{"line":96,"column":8},"end":{"line":96,"column":86}},"10":{"start":{"line":98,"column":8},"end":{"line":98,"column":112}},"11":{"start":{"line":103,"column":8},"end":{"line":103,"column":65}},"12":{"start":{"line":106,"column":8},"end":{"line":106,"column":57}},"13":{"start":{"line":107,"column":8},"end":{"line":107,"column":47}},"14":{"start":{"line":112,"column":8},"end":{"line":112,"column":77}},"15":{"start":{"line":113,"column":8},"end":{"line":113,"column":37}},"16":{"start":{"line":113,"column":29},"end":{"line":113,"column":37}},"17":{"start":{"line":114,"column":8},"end":{"line":114,"column":60}},"18":{"start":{"line":115,"column":8},"end":{"line":115,"column":41}},"19":{"start":{"line":122,"column":8},"end":{"line":122,"column":60}},"20":{"start":{"line":123,"column":8},"end":{"line":123,"column":37}},"21":{"start":{"line":124,"column":8},"end":{"line":124,"column":37}},"22":{"start":{"line":131,"column":8},"end":{"line":131,"column":62}},"23":{"start":{"line":132,"column":8},"end":{"line":132,"column":43}},"24":{"start":{"line":133,"column":8},"end":{"line":133,"column":41}},"25":{"start":{"line":139,"column":8},"end":{"line":139,"column":61}},"26":{"start":{"line":146,"column":8},"end":{"line":146,"column":57}},"27":{"start":{"line":152,"column":8},"end":{"line":152,"column":31}},"28":{"start":{"line":153,"column":8},"end":{"line":153,"column":5923}},"29":{"start":{"line":154,"column":12},"end":{"line":154,"column":47}},"30":{"start":{"line":155,"column":12},"end":{"line":155,"column":99}},"31":{"start":{"line":158,"column":8},"end":{"line":158,"column":75}},"32":{"start":{"line":170,"column":8},"end":{"line":170,"column":80}},"33":{"start":{"line":171,"column":8},"end":{"line":171,"column":70}},"34":{"start":{"line":179,"column":8},"end":{"line":179,"column":69}},"35":{"start":{"line":181,"column":8},"end":{"line":181,"column":83}},"36":{"start":{"line":182,"column":8},"end":{"line":182,"column":82}},"37":{"start":{"line":186,"column":8},"end":{"line":186,"column":94}},"38":{"start":{"line":190,"column":8},"end":{"line":190,"column":7532}},"39":{"start":{"line":191,"column":12},"end":{"line":191,"column":38}},"40":{"start":{"line":192,"column":12},"end":{"line":192,"column":43}},"41":{"start":{"line":196,"column":8},"end":{"line":196,"column":64}},"42":{"start":{"line":197,"column":8},"end":{"line":197,"column":59}},"43":{"start":{"line":198,"column":8},"end":{"line":198,"column":90}},"44":{"start":{"line":201,"column":8},"end":{"line":201,"column":58}},"45":{"start":{"line":202,"column":8},"end":{"line":202,"column":86}},"46":{"start":{"line":203,"column":8},"end":{"line":203,"column":67}},"47":{"start":{"line":204,"column":8},"end":{"line":204,"column":8236}},"48":{"start":{"line":220,"column":8},"end":{"line":220,"column":35}},"49":{"start":{"line":221,"column":8},"end":{"line":221,"column":53}},"50":{"start":{"line":222,"column":8},"end":{"line":222,"column":64}},"51":{"start":{"line":225,"column":8},"end":{"line":225,"column":70}},"52":{"start":{"line":226,"column":8},"end":{"line":226,"column":81}},"53":{"start":{"line":229,"column":8},"end":{"line":229,"column":9497}},"54":{"start":{"line":231,"column":12},"end":{"line":231,"column":62}},"55":{"start":{"line":232,"column":12},"end":{"line":232,"column":62}},"56":{"start":{"line":234,"column":12},"end":{"line":234,"column":67}},"57":{"start":{"line":236,"column":12},"end":{"line":236,"column":42}},"58":{"start":{"line":241,"column":8},"end":{"line":241,"column":59}},"59":{"start":{"line":242,"column":8},"end":{"line":242,"column":10043}},"60":{"start":{"line":243,"column":12},"end":{"line":243,"column":70}},"61":{"start":{"line":246,"column":12},"end":{"line":246,"column":10202}},"62":{"start":{"line":248,"column":16},"end":{"line":248,"column":46}},"63":{"start":{"line":250,"column":16},"end":{"line":250,"column":73}},"64":{"start":{"line":254,"column":16},"end":{"line":254,"column":51}},"65":{"start":{"line":255,"column":16},"end":{"line":255,"column":10681}},"66":{"start":{"line":264,"column":12},"end":{"line":264,"column":79}},"67":{"start":{"line":264,"column":37},"end":{"line":264,"column":78}},"68":{"start":{"line":267,"column":8},"end":{"line":267,"column":54}},"69":{"start":{"line":268,"column":8},"end":{"line":268,"column":56}},"70":{"start":{"line":269,"column":8},"end":{"line":269,"column":67}},"71":{"start":{"line":275,"column":8},"end":{"line":275,"column":54}},"72":{"start":{"line":276,"column":8},"end":{"line":276,"column":53}},"73":{"start":{"line":277,"column":8},"end":{"line":277,"column":53}},"74":{"start":{"line":281,"column":8},"end":{"line":281,"column":78}},"75":{"start":{"line":282,"column":8},"end":{"line":282,"column":53}},"76":{"start":{"line":283,"column":8},"end":{"line":283,"column":54}},"77":{"start":{"line":285,"column":8},"end":{"line":285,"column":50}},"78":{"start":{"line":286,"column":8},"end":{"line":286,"column":60}},"79":{"start":{"line":287,"column":8},"end":{"line":287,"column":51}},"80":{"start":{"line":289,"column":8},"end":{"line":289,"column":75}},"81":{"start":{"line":290,"column":8},"end":{"line":290,"column":41}},"82":{"start":{"line":291,"column":8},"end":{"line":291,"column":59}}},"branchMap":{"1":{"line":69,"type":"if","locations":[{"start":{"line":69,"column":8},"end":{"line":69,"column":8}},{"start":{"line":69,"column":8},"end":{"line":69,"column":8}}]},"2":{"line":87,"type":"if","locations":[{"start":{"line":87,"column":8},"end":{"line":87,"column":8}},{"start":{"line":87,"column":8},"end":{"line":87,"column":8}}]},"3":{"line":103,"type":"if","locations":[{"start":{"line":103,"column":8},"end":{"line":103,"column":8}},{"start":{"line":103,"column":8},"end":{"line":103,"column":8}}]},"4":{"line":113,"type":"if","locations":[{"start":{"line":113,"column":8},"end":{"line":113,"column":8}},{"start":{"line":113,"column":8},"end":{"line":113,"column":8}}]},"5":{"line":179,"type":"if","locations":[{"start":{"line":179,"column":8},"end":{"line":179,"column":8}},{"start":{"line":179,"column":8},"end":{"line":179,"column":8}}]},"6":{"line":182,"type":"if","locations":[{"start":{"line":182,"column":8},"end":{"line":182,"column":8}},{"start":{"line":182,"column":8},"end":{"line":182,"column":8}}]},"7":{"line":190,"type":"if","locations":[{"start":{"line":190,"column":8},"end":{"line":190,"column":8}},{"start":{"line":190,"column":8},"end":{"line":190,"column":8}}]},"8":{"line":222,"type":"if","locations":[{"start":{"line":222,"column":8},"end":{"line":222,"column":8}},{"start":{"line":222,"column":8},"end":{"line":222,"column":8}}]},"9":{"line":229,"type":"if","locations":[{"start":{"line":229,"column":8},"end":{"line":229,"column":8}},{"start":{"line":229,"column":8},"end":{"line":229,"column":8}}]},"10":{"line":242,"type":"if","locations":[{"start":{"line":242,"column":8},"end":{"line":242,"column":8}},{"start":{"line":242,"column":8},"end":{"line":242,"column":8}}]},"11":{"line":246,"type":"if","locations":[{"start":{"line":246,"column":12},"end":{"line":246,"column":12}},{"start":{"line":246,"column":12},"end":{"line":246,"column":12}}]},"12":{"line":264,"type":"if","locations":[{"start":{"line":264,"column":12},"end":{"line":264,"column":12}},{"start":{"line":264,"column":12},"end":{"line":264,"column":12}}]},"13":{"line":267,"type":"if","locations":[{"start":{"line":267,"column":8},"end":{"line":267,"column":8}},{"start":{"line":267,"column":8},"end":{"line":267,"column":8}}]},"14":{"line":276,"type":"if","locations":[{"start":{"line":276,"column":8},"end":{"line":276,"column":8}},{"start":{"line":276,"column":8},"end":{"line":276,"column":8}}]},"15":{"line":282,"type":"if","locations":[{"start":{"line":282,"column":8},"end":{"line":282,"column":8}},{"start":{"line":282,"column":8},"end":{"line":282,"column":8}}]},"16":{"line":283,"type":"if","locations":[{"start":{"line":283,"column":8},"end":{"line":283,"column":8}},{"start":{"line":283,"column":8},"end":{"line":283,"column":8}}]},"17":{"line":287,"type":"if","locations":[{"start":{"line":287,"column":8},"end":{"line":287,"column":8}},{"start":{"line":287,"column":8},"end":{"line":287,"column":8}}]}}},
"contracts\\ShareMinter.sol":{"l":{"43":78,"44":78,"45":78,"46":70,"50":18,"66":64,"67":63,"73":62,"76":62,"80":62,"81":62,"84":62,"85":62,"87":62,"105":62,"106":62,"107":62,"109":62,"118":11,"119":11,"120":8,"121":8,"122":8,"123":8,"124":8,"127":7,"128":7,"129":7,"132":7,"133":7,"134":7,"137":7,"139":7,"141":7,"145":7,"146":7,"147":7,"148":7,"161":7,"162":1,"164":6,"172":3,"173":3,"175":1,"176":1,"178":1},"path":"C:\\Users\\spres\\Desktop\\staker-shares-contracts\\contracts\\ShareMinter.sol","s":{"1":78,"2":78,"3":70,"4":18,"5":64,"6":63,"7":62,"8":62,"9":62,"10":62,"11":62,"12":62,"13":62,"14":62,"15":62,"16":62,"17":62,"18":11,"19":11,"20":8,"21":8,"22":8,"23":8,"24":8,"25":7,"26":7,"27":7,"28":7,"29":7,"30":7,"31":7,"32":7,"33":7,"34":7,"35":7,"36":7,"37":7,"38":1,"39":6,"40":3,"41":3,"42":1,"43":1,"44":1},"b":{"1":[78,0],"2":[63,1],"3":[62,1],"4":[8,3],"5":[7,1],"6":[1,6],"7":[1,2]},"f":{"1":78,"2":18,"3":64,"4":62,"5":11,"6":7,"7":7,"8":3},"fnMap":{"1":{"name":"lock","line":42,"loc":{"start":{"line":42,"column":4},"end":{"line":47,"column":4}}},"2":{"name":"constructor","line":49,"loc":{"start":{"line":49,"column":4},"end":{"line":51,"column":4}}},"3":{"name":"mintShares","line":65,"loc":{"start":{"line":59,"column":4},"end":{"line":93,"column":4}}},"4":{"name":"_startStake","line":95,"loc":{"start":{"line":95,"column":4},"end":{"line":110,"column":4}}},"5":{"name":"mintEarnings","line":116,"loc":{"start":{"line":116,"column":4},"end":{"line":142,"column":4}}},"6":{"name":"_endStake","line":144,"loc":{"start":{"line":144,"column":4},"end":{"line":149,"column":4}}},"7":{"name":"_payMinterEarnings","line":156,"loc":{"start":{"line":156,"column":4},"end":{"line":166,"column":4}}},"8":{"name":"minterWithdraw","line":171,"loc":{"start":{"line":171,"column":4},"end":{"line":179,"column":4}}}},"statementMap":{"1":{"start":{"line":43,"column":8},"end":{"line":43,"column":39}},"2":{"start":{"line":44,"column":8},"end":{"line":44,"column":19}},"3":{"start":{"line":46,"column":8},"end":{"line":46,"column":19}},"4":{"start":{"line":50,"column":8},"end":{"line":50,"column":25}},"5":{"start":{"line":66,"column":8},"end":{"line":66,"column":64}},"6":{"start":{"line":67,"column":8},"end":{"line":67,"column":2211}},"7":{"start":{"line":73,"column":8},"end":{"line":73,"column":75}},"8":{"start":{"line":76,"column":8},"end":{"line":76,"column":2556}},"9":{"start":{"line":80,"column":8},"end":{"line":80,"column":88}},"10":{"start":{"line":81,"column":8},"end":{"line":81,"column":59}},"11":{"start":{"line":84,"column":8},"end":{"line":84,"column":87}},"12":{"start":{"line":85,"column":8},"end":{"line":85,"column":93}},"13":{"start":{"line":87,"column":8},"end":{"line":87,"column":3133}},"14":{"start":{"line":105,"column":8},"end":{"line":105,"column":61}},"15":{"start":{"line":106,"column":8},"end":{"line":106,"column":66}},"16":{"start":{"line":107,"column":8},"end":{"line":107,"column":3789}},"17":{"start":{"line":109,"column":8},"end":{"line":109,"column":79}},"18":{"start":{"line":118,"column":8},"end":{"line":118,"column":44}},"19":{"start":{"line":119,"column":8},"end":{"line":119,"column":56}},"20":{"start":{"line":120,"column":8},"end":{"line":120,"column":53}},"21":{"start":{"line":121,"column":8},"end":{"line":121,"column":52}},"22":{"start":{"line":122,"column":8},"end":{"line":122,"column":80}},"23":{"start":{"line":123,"column":8},"end":{"line":123,"column":54}},"24":{"start":{"line":124,"column":8},"end":{"line":124,"column":60}},"25":{"start":{"line":127,"column":8},"end":{"line":127,"column":61}},"26":{"start":{"line":128,"column":8},"end":{"line":128,"column":97}},"27":{"start":{"line":129,"column":8},"end":{"line":129,"column":64}},"28":{"start":{"line":132,"column":8},"end":{"line":132,"column":48}},"29":{"start":{"line":133,"column":8},"end":{"line":133,"column":64}},"30":{"start":{"line":134,"column":8},"end":{"line":134,"column":67}},"31":{"start":{"line":137,"column":8},"end":{"line":137,"column":80}},"32":{"start":{"line":139,"column":8},"end":{"line":139,"column":78}},"33":{"start":{"line":145,"column":8},"end":{"line":145,"column":65}},"34":{"start":{"line":146,"column":8},"end":{"line":146,"column":48}},"35":{"start":{"line":147,"column":8},"end":{"line":147,"column":64}},"36":{"start":{"line":148,"column":8},"end":{"line":148,"column":44}},"37":{"start":{"line":161,"column":8},"end":{"line":161,"column":6375}},"38":{"start":{"line":162,"column":12},"end":{"line":162,"column":53}},"39":{"start":{"line":164,"column":12},"end":{"line":164,"column":59}},"40":{"start":{"line":172,"column":8},"end":{"line":172,"column":57}},"41":{"start":{"line":173,"column":8},"end":{"line":173,"column":49}},"42":{"start":{"line":175,"column":8},"end":{"line":175,"column":39}},"43":{"start":{"line":176,"column":8},"end":{"line":176,"column":51}},"44":{"start":{"line":178,"column":8},"end":{"line":178,"column":51}}},"branchMap":{"1":{"line":43,"type":"if","locations":[{"start":{"line":43,"column":8},"end":{"line":43,"column":8}},{"start":{"line":43,"column":8},"end":{"line":43,"column":8}}]},"2":{"line":66,"type":"if","locations":[{"start":{"line":66,"column":8},"end":{"line":66,"column":8}},{"start":{"line":66,"column":8},"end":{"line":66,"column":8}}]},"3":{"line":67,"type":"if","locations":[{"start":{"line":67,"column":8},"end":{"line":67,"column":8}},{"start":{"line":67,"column":8},"end":{"line":67,"column":8}}]},"4":{"line":119,"type":"if","locations":[{"start":{"line":119,"column":8},"end":{"line":119,"column":8}},{"start":{"line":119,"column":8},"end":{"line":119,"column":8}}]},"5":{"line":124,"type":"if","locations":[{"start":{"line":124,"column":8},"end":{"line":124,"column":8}},{"start":{"line":124,"column":8},"end":{"line":124,"column":8}}]},"6":{"line":161,"type":"if","locations":[{"start":{"line":161,"column":8},"end":{"line":161,"column":8}},{"start":{"line":161,"column":8},"end":{"line":161,"column":8}}]},"7":{"line":173,"type":"if","locations":[{"start":{"line":173,"column":8},"end":{"line":173,"column":8}},{"start":{"line":173,"column":8},"end":{"line":173,"column":8}}]}}}}
