{
"contracts\\MinterReceiver.sol":{"l":{"13":36},"path":"C:\\Users\\spres\\Desktop\\staker-shares-contracts\\contracts\\MinterReceiver.sol","s":{"1":36},"b":{},"f":{"1":36},"fnMap":{"1":{"name":"supportsInterface","line":12,"loc":{"start":{"line":12,"column":4},"end":{"line":14,"column":4}}}},"statementMap":{"1":{"start":{"line":13,"column":8},"end":{"line":13,"column":102}}},"branchMap":{}},
"contracts\\ShareMarket.sol":{"l":{"68":17,"69":17,"70":17,"71":10,"75":15,"76":15,"86":13,"89":12,"92":12,"95":12,"97":12,"102":8,"105":7,"106":7,"111":2,"112":2,"113":2,"120":24,"121":24,"122":24,"129":12,"130":12,"131":12,"137":15,"144":52,"150":2,"151":2,"152":10,"153":10,"156":2,"168":5,"169":3,"177":15,"179":14,"180":14,"184":13,"188":13,"191":13,"192":13,"193":13,"196":13,"197":13,"198":13,"199":13,"215":4,"216":4,"219":4,"220":4,"223":4,"225":2,"226":2,"228":2,"230":2,"235":4,"236":4,"238":2,"240":1,"241":1,"243":1,"244":1,"252":2,"255":3,"256":2,"258":2,"264":6,"265":3,"269":8,"270":8,"271":7,"273":6,"274":6,"275":6,"276":6,"278":4,"279":4},"path":"C:\\Users\\spres\\Desktop\\staker-shares-contracts\\contracts\\ShareMarket.sol","s":{"1":17,"2":17,"3":10,"4":15,"5":15,"6":13,"7":12,"8":12,"9":12,"10":12,"11":8,"12":7,"13":7,"14":2,"15":2,"16":2,"17":24,"18":24,"19":24,"20":12,"21":12,"22":12,"23":15,"24":52,"25":2,"26":2,"27":10,"28":10,"29":2,"30":5,"31":3,"32":15,"33":14,"34":14,"35":13,"36":13,"37":0,"38":13,"39":13,"40":13,"41":13,"42":13,"43":13,"44":13,"45":4,"46":4,"47":4,"48":4,"49":4,"50":2,"51":2,"52":2,"53":2,"54":4,"55":4,"56":2,"57":1,"58":1,"59":1,"60":2,"61":3,"62":2,"63":2,"64":6,"65":3,"66":8,"67":8,"68":7,"69":6,"70":6,"71":6,"72":6,"73":4,"74":4},"b":{"1":[17,0],"2":[12,1],"3":[7,1],"4":[14,1],"5":[13,1],"6":[0,13],"7":[2,2],"8":[2,2],"9":[1,1],"10":[2,1],"11":[7,1],"12":[6,1],"13":[4,2]},"f":{"1":17,"2":15,"3":13,"4":8,"5":2,"6":24,"7":12,"8":15,"9":52,"10":2,"11":5,"12":15,"13":4,"14":6,"15":8},"fnMap":{"1":{"name":"lock","line":67,"loc":{"start":{"line":67,"column":4},"end":{"line":72,"column":4}}},"2":{"name":"constructor","line":74,"loc":{"start":{"line":74,"column":4},"end":{"line":77,"column":4}}},"3":{"name":"onSharesMinted","line":80,"loc":{"start":{"line":80,"column":4},"end":{"line":98,"column":4}}},"4":{"name":"onEarningsMinted","line":101,"loc":{"start":{"line":101,"column":4},"end":{"line":107,"column":4}}},"5":{"name":"supplierHeartsPayable","line":110,"loc":{"start":{"line":110,"column":4},"end":{"line":114,"column":4}}},"6":{"name":"listingBalances","line":119,"loc":{"start":{"line":119,"column":4},"end":{"line":123,"column":4}}},"7":{"name":"listingEarnings","line":128,"loc":{"start":{"line":128,"column":4},"end":{"line":132,"column":4}}},"8":{"name":"sharesOwned","line":136,"loc":{"start":{"line":136,"column":4},"end":{"line":138,"column":4}}},"9":{"name":"_hash","line":143,"loc":{"start":{"line":143,"column":4},"end":{"line":145,"column":4}}},"10":{"name":"multiBuyShares","line":149,"loc":{"start":{"line":149,"column":4},"end":{"line":157,"column":4}}},"11":{"name":"buyShares","line":167,"loc":{"start":{"line":163,"column":4},"end":{"line":170,"column":4}}},"12":{"name":"_buyShares","line":172,"loc":{"start":{"line":172,"column":4},"end":{"line":205,"column":4}}},"13":{"name":"supplierWithdraw","line":213,"loc":{"start":{"line":213,"column":4},"end":{"line":259,"column":4}}},"14":{"name":"claimEarnings","line":263,"loc":{"start":{"line":263,"column":4},"end":{"line":266,"column":4}}},"15":{"name":"_claimEarnings","line":268,"loc":{"start":{"line":268,"column":4},"end":{"line":280,"column":4}}}},"statementMap":{"1":{"start":{"line":68,"column":8},"end":{"line":68,"column":39}},"2":{"start":{"line":69,"column":8},"end":{"line":69,"column":19}},"3":{"start":{"line":71,"column":8},"end":{"line":71,"column":19}},"4":{"start":{"line":75,"column":8},"end":{"line":75,"column":25}},"5":{"start":{"line":76,"column":8},"end":{"line":76,"column":31}},"6":{"start":{"line":86,"column":8},"end":{"line":86,"column":65}},"7":{"start":{"line":89,"column":8},"end":{"line":89,"column":71}},"8":{"start":{"line":92,"column":8},"end":{"line":92,"column":55}},"9":{"start":{"line":95,"column":8},"end":{"line":95,"column":78}},"10":{"start":{"line":97,"column":8},"end":{"line":97,"column":112}},"11":{"start":{"line":102,"column":8},"end":{"line":102,"column":65}},"12":{"start":{"line":105,"column":8},"end":{"line":105,"column":57}},"13":{"start":{"line":106,"column":8},"end":{"line":106,"column":47}},"14":{"start":{"line":111,"column":8},"end":{"line":111,"column":60}},"15":{"start":{"line":112,"column":8},"end":{"line":112,"column":77}},"16":{"start":{"line":113,"column":8},"end":{"line":113,"column":41}},"17":{"start":{"line":120,"column":8},"end":{"line":120,"column":60}},"18":{"start":{"line":121,"column":8},"end":{"line":121,"column":37}},"19":{"start":{"line":122,"column":8},"end":{"line":122,"column":37}},"20":{"start":{"line":129,"column":8},"end":{"line":129,"column":62}},"21":{"start":{"line":130,"column":8},"end":{"line":130,"column":43}},"22":{"start":{"line":131,"column":8},"end":{"line":131,"column":41}},"23":{"start":{"line":137,"column":8},"end":{"line":137,"column":61}},"24":{"start":{"line":144,"column":8},"end":{"line":144,"column":57}},"25":{"start":{"line":150,"column":8},"end":{"line":150,"column":31}},"26":{"start":{"line":151,"column":8},"end":{"line":151,"column":5874}},"27":{"start":{"line":152,"column":12},"end":{"line":152,"column":47}},"28":{"start":{"line":153,"column":12},"end":{"line":153,"column":99}},"29":{"start":{"line":156,"column":8},"end":{"line":156,"column":75}},"30":{"start":{"line":168,"column":8},"end":{"line":168,"column":80}},"31":{"start":{"line":169,"column":8},"end":{"line":169,"column":70}},"32":{"start":{"line":177,"column":8},"end":{"line":177,"column":69}},"33":{"start":{"line":179,"column":8},"end":{"line":179,"column":83}},"34":{"start":{"line":180,"column":8},"end":{"line":180,"column":82}},"35":{"start":{"line":184,"column":8},"end":{"line":184,"column":94}},"36":{"start":{"line":188,"column":8},"end":{"line":188,"column":68}},"37":{"start":{"line":188,"column":41},"end":{"line":188,"column":67}},"38":{"start":{"line":191,"column":8},"end":{"line":191,"column":64}},"39":{"start":{"line":192,"column":8},"end":{"line":192,"column":59}},"40":{"start":{"line":193,"column":8},"end":{"line":193,"column":90}},"41":{"start":{"line":196,"column":8},"end":{"line":196,"column":58}},"42":{"start":{"line":197,"column":8},"end":{"line":197,"column":86}},"43":{"start":{"line":198,"column":8},"end":{"line":198,"column":67}},"44":{"start":{"line":199,"column":8},"end":{"line":199,"column":8116}},"45":{"start":{"line":215,"column":8},"end":{"line":215,"column":35}},"46":{"start":{"line":216,"column":8},"end":{"line":216,"column":53}},"47":{"start":{"line":219,"column":8},"end":{"line":219,"column":70}},"48":{"start":{"line":220,"column":8},"end":{"line":220,"column":81}},"49":{"start":{"line":223,"column":8},"end":{"line":223,"column":9310}},"50":{"start":{"line":225,"column":12},"end":{"line":225,"column":62}},"51":{"start":{"line":226,"column":12},"end":{"line":226,"column":62}},"52":{"start":{"line":228,"column":12},"end":{"line":228,"column":67}},"53":{"start":{"line":230,"column":12},"end":{"line":230,"column":42}},"54":{"start":{"line":235,"column":8},"end":{"line":235,"column":59}},"55":{"start":{"line":236,"column":8},"end":{"line":236,"column":9856}},"56":{"start":{"line":238,"column":12},"end":{"line":238,"column":9935}},"57":{"start":{"line":240,"column":16},"end":{"line":240,"column":99}},"58":{"start":{"line":241,"column":16},"end":{"line":241,"column":67}},"59":{"start":{"line":244,"column":16},"end":{"line":244,"column":10306}},"60":{"start":{"line":252,"column":12},"end":{"line":252,"column":53}},"61":{"start":{"line":255,"column":8},"end":{"line":255,"column":59}},"62":{"start":{"line":256,"column":8},"end":{"line":256,"column":56}},"63":{"start":{"line":258,"column":8},"end":{"line":258,"column":67}},"64":{"start":{"line":264,"column":8},"end":{"line":264,"column":54}},"65":{"start":{"line":265,"column":8},"end":{"line":265,"column":53}},"66":{"start":{"line":269,"column":8},"end":{"line":269,"column":78}},"67":{"start":{"line":270,"column":8},"end":{"line":270,"column":53}},"68":{"start":{"line":271,"column":8},"end":{"line":271,"column":54}},"69":{"start":{"line":273,"column":8},"end":{"line":273,"column":50}},"70":{"start":{"line":274,"column":8},"end":{"line":274,"column":60}},"71":{"start":{"line":275,"column":8},"end":{"line":275,"column":75}},"72":{"start":{"line":276,"column":8},"end":{"line":276,"column":54}},"73":{"start":{"line":278,"column":8},"end":{"line":278,"column":41}},"74":{"start":{"line":279,"column":8},"end":{"line":279,"column":59}}},"branchMap":{"1":{"line":68,"type":"if","locations":[{"start":{"line":68,"column":8},"end":{"line":68,"column":8}},{"start":{"line":68,"column":8},"end":{"line":68,"column":8}}]},"2":{"line":86,"type":"if","locations":[{"start":{"line":86,"column":8},"end":{"line":86,"column":8}},{"start":{"line":86,"column":8},"end":{"line":86,"column":8}}]},"3":{"line":102,"type":"if","locations":[{"start":{"line":102,"column":8},"end":{"line":102,"column":8}},{"start":{"line":102,"column":8},"end":{"line":102,"column":8}}]},"4":{"line":177,"type":"if","locations":[{"start":{"line":177,"column":8},"end":{"line":177,"column":8}},{"start":{"line":177,"column":8},"end":{"line":177,"column":8}}]},"5":{"line":180,"type":"if","locations":[{"start":{"line":180,"column":8},"end":{"line":180,"column":8}},{"start":{"line":180,"column":8},"end":{"line":180,"column":8}}]},"6":{"line":188,"type":"if","locations":[{"start":{"line":188,"column":8},"end":{"line":188,"column":8}},{"start":{"line":188,"column":8},"end":{"line":188,"column":8}}]},"7":{"line":223,"type":"if","locations":[{"start":{"line":223,"column":8},"end":{"line":223,"column":8}},{"start":{"line":223,"column":8},"end":{"line":223,"column":8}}]},"8":{"line":236,"type":"if","locations":[{"start":{"line":236,"column":8},"end":{"line":236,"column":8}},{"start":{"line":236,"column":8},"end":{"line":236,"column":8}}]},"9":{"line":238,"type":"if","locations":[{"start":{"line":238,"column":12},"end":{"line":238,"column":12}},{"start":{"line":238,"column":12},"end":{"line":238,"column":12}}]},"10":{"line":255,"type":"if","locations":[{"start":{"line":255,"column":8},"end":{"line":255,"column":8}},{"start":{"line":255,"column":8},"end":{"line":255,"column":8}}]},"11":{"line":270,"type":"if","locations":[{"start":{"line":270,"column":8},"end":{"line":270,"column":8}},{"start":{"line":270,"column":8},"end":{"line":270,"column":8}}]},"12":{"line":271,"type":"if","locations":[{"start":{"line":271,"column":8},"end":{"line":271,"column":8}},{"start":{"line":271,"column":8},"end":{"line":271,"column":8}}]},"13":{"line":276,"type":"if","locations":[{"start":{"line":276,"column":8},"end":{"line":276,"column":8}},{"start":{"line":276,"column":8},"end":{"line":276,"column":8}}]}}},
"contracts\\ShareMinter.sol":{"l":{"42":28,"43":28,"44":28,"45":20,"49":15,"65":14,"66":13,"72":12,"75":12,"79":12,"80":12,"83":12,"84":12,"86":12,"103":12,"104":12,"105":12,"107":12,"116":11,"117":11,"118":11,"121":10,"122":7,"123":7,"126":7,"127":7,"128":7,"131":7,"133":7,"135":7,"139":10,"140":10,"141":7,"142":7,"156":7,"157":7,"158":1,"160":6,"168":3,"169":3,"171":1,"172":1,"174":1},"path":"C:\\Users\\spres\\Desktop\\staker-shares-contracts\\contracts\\ShareMinter.sol","s":{"1":28,"2":28,"3":20,"4":15,"5":14,"6":13,"7":12,"8":12,"9":12,"10":12,"11":12,"12":12,"13":12,"14":12,"15":12,"16":12,"17":12,"18":11,"19":11,"20":11,"21":10,"22":7,"23":7,"24":7,"25":7,"26":7,"27":7,"28":7,"29":10,"30":10,"31":7,"32":7,"33":7,"34":7,"35":1,"36":6,"37":3,"38":3,"39":1,"40":1,"41":1},"b":{"1":[28,0],"2":[13,1],"3":[12,1],"4":[10,1],"5":[1,6],"6":[1,2]},"f":{"1":28,"2":15,"3":14,"4":12,"5":11,"6":10,"7":7,"8":3},"fnMap":{"1":{"name":"lock","line":41,"loc":{"start":{"line":41,"column":4},"end":{"line":46,"column":4}}},"2":{"name":"constructor","line":48,"loc":{"start":{"line":48,"column":4},"end":{"line":50,"column":4}}},"3":{"name":"mintShares","line":64,"loc":{"start":{"line":58,"column":4},"end":{"line":92,"column":4}}},"4":{"name":"_startStake","line":94,"loc":{"start":{"line":94,"column":4},"end":{"line":108,"column":4}}},"5":{"name":"mintEarnings","line":114,"loc":{"start":{"line":114,"column":4},"end":{"line":136,"column":4}}},"6":{"name":"_endStake","line":138,"loc":{"start":{"line":138,"column":4},"end":{"line":143,"column":4}}},"7":{"name":"_payMinterEarnings","line":150,"loc":{"start":{"line":150,"column":4},"end":{"line":162,"column":4}}},"8":{"name":"minterWithdraw","line":167,"loc":{"start":{"line":167,"column":4},"end":{"line":175,"column":4}}}},"statementMap":{"1":{"start":{"line":42,"column":8},"end":{"line":42,"column":39}},"2":{"start":{"line":43,"column":8},"end":{"line":43,"column":19}},"3":{"start":{"line":45,"column":8},"end":{"line":45,"column":19}},"4":{"start":{"line":49,"column":8},"end":{"line":49,"column":25}},"5":{"start":{"line":65,"column":8},"end":{"line":65,"column":64}},"6":{"start":{"line":66,"column":8},"end":{"line":66,"column":2216}},"7":{"start":{"line":72,"column":8},"end":{"line":72,"column":75}},"8":{"start":{"line":75,"column":8},"end":{"line":75,"column":2561}},"9":{"start":{"line":79,"column":8},"end":{"line":79,"column":88}},"10":{"start":{"line":80,"column":8},"end":{"line":80,"column":59}},"11":{"start":{"line":83,"column":8},"end":{"line":83,"column":87}},"12":{"start":{"line":84,"column":8},"end":{"line":84,"column":81}},"13":{"start":{"line":86,"column":8},"end":{"line":86,"column":3107}},"14":{"start":{"line":103,"column":8},"end":{"line":103,"column":61}},"15":{"start":{"line":104,"column":8},"end":{"line":104,"column":66}},"16":{"start":{"line":105,"column":8},"end":{"line":105,"column":3732}},"17":{"start":{"line":107,"column":8},"end":{"line":107,"column":80}},"18":{"start":{"line":116,"column":8},"end":{"line":116,"column":44}},"19":{"start":{"line":117,"column":8},"end":{"line":117,"column":53}},"20":{"start":{"line":118,"column":8},"end":{"line":118,"column":65}},"21":{"start":{"line":121,"column":8},"end":{"line":121,"column":61}},"22":{"start":{"line":122,"column":8},"end":{"line":122,"column":97}},"23":{"start":{"line":123,"column":8},"end":{"line":123,"column":64}},"24":{"start":{"line":126,"column":8},"end":{"line":126,"column":48}},"25":{"start":{"line":127,"column":8},"end":{"line":127,"column":64}},"26":{"start":{"line":128,"column":8},"end":{"line":128,"column":67}},"27":{"start":{"line":131,"column":8},"end":{"line":131,"column":84}},"28":{"start":{"line":133,"column":8},"end":{"line":133,"column":78}},"29":{"start":{"line":139,"column":8},"end":{"line":139,"column":65}},"30":{"start":{"line":140,"column":8},"end":{"line":140,"column":48}},"31":{"start":{"line":141,"column":8},"end":{"line":141,"column":64}},"32":{"start":{"line":142,"column":8},"end":{"line":142,"column":44}},"33":{"start":{"line":156,"column":8},"end":{"line":156,"column":49}},"34":{"start":{"line":157,"column":8},"end":{"line":157,"column":6157}},"35":{"start":{"line":158,"column":12},"end":{"line":158,"column":53}},"36":{"start":{"line":160,"column":12},"end":{"line":160,"column":59}},"37":{"start":{"line":168,"column":8},"end":{"line":168,"column":57}},"38":{"start":{"line":169,"column":8},"end":{"line":169,"column":49}},"39":{"start":{"line":171,"column":8},"end":{"line":171,"column":39}},"40":{"start":{"line":172,"column":8},"end":{"line":172,"column":51}},"41":{"start":{"line":174,"column":8},"end":{"line":174,"column":51}}},"branchMap":{"1":{"line":42,"type":"if","locations":[{"start":{"line":42,"column":8},"end":{"line":42,"column":8}},{"start":{"line":42,"column":8},"end":{"line":42,"column":8}}]},"2":{"line":65,"type":"if","locations":[{"start":{"line":65,"column":8},"end":{"line":65,"column":8}},{"start":{"line":65,"column":8},"end":{"line":65,"column":8}}]},"3":{"line":66,"type":"if","locations":[{"start":{"line":66,"column":8},"end":{"line":66,"column":8}},{"start":{"line":66,"column":8},"end":{"line":66,"column":8}}]},"4":{"line":118,"type":"if","locations":[{"start":{"line":118,"column":8},"end":{"line":118,"column":8}},{"start":{"line":118,"column":8},"end":{"line":118,"column":8}}]},"5":{"line":157,"type":"if","locations":[{"start":{"line":157,"column":8},"end":{"line":157,"column":8}},{"start":{"line":157,"column":8},"end":{"line":157,"column":8}}]},"6":{"line":169,"type":"if","locations":[{"start":{"line":169,"column":8},"end":{"line":169,"column":8}},{"start":{"line":169,"column":8},"end":{"line":169,"column":8}}]}}}}
