TN:
SF:C:\Users\spres\Desktop\staker-shares-contracts\contracts\MinterReceiver.sol
FN:12,supportsInterface
FNF:1
FNH:1
FNDA:186,supportsInterface
DA:13,186
LF:1
LH:1
BRF:0
BRH:0
end_of_record
TN:
SF:C:\Users\spres\Desktop\staker-shares-contracts\contracts\ShareMarket.sol
FN:68,lock
FN:75,constructor
FN:81,onSharesMinted
FN:102,onEarningsMinted
FN:111,supplierHeartsPayable
FN:121,listingBalances
FN:130,listingEarnings
FN:138,sharesOwned
FN:145,_hash
FN:151,multiBuyShares
FN:169,buyShares
FN:174,_buyShares
FN:218,supplierWithdraw
FN:274,claimEarnings
FN:280,_claimEarnings
FNF:15
FNH:15
FNDA:270,lock
FNDA:18,constructor
FNDA:63,onSharesMinted
FNDA:8,onEarningsMinted
FNDA:4,supplierHeartsPayable
FNDA:528,listingBalances
FNDA:14,listingEarnings
FNDA:15,sharesOwned
FNDA:356,_hash
FNDA:2,multiBuyShares
FNDA:255,buyShares
FNDA:265,_buyShares
FNDA:7,supplierWithdraw
FNDA:6,claimEarnings
FNDA:7,_claimEarnings
DA:69,270
DA:70,270
DA:71,270
DA:72,262
DA:76,18
DA:77,18
DA:87,63
DA:90,62
DA:93,62
DA:96,62
DA:98,62
DA:103,8
DA:106,7
DA:107,7
DA:112,4
DA:113,4
DA:114,3
DA:115,3
DA:122,528
DA:123,528
DA:124,528
DA:131,14
DA:132,14
DA:133,14
DA:139,15
DA:146,356
DA:152,2
DA:153,2
DA:154,10
DA:155,10
DA:158,2
DA:170,255
DA:171,253
DA:179,265
DA:181,264
DA:182,264
DA:186,263
DA:190,263
DA:191,2
DA:192,2
DA:196,263
DA:197,263
DA:198,263
DA:201,263
DA:202,263
DA:203,263
DA:204,263
DA:220,7
DA:221,7
DA:222,7
DA:225,7
DA:226,7
DA:229,7
DA:231,3
DA:232,3
DA:234,3
DA:236,3
DA:241,7
DA:242,7
DA:243,5
DA:246,5
DA:248,1
DA:250,1
DA:252,1
DA:254,1
DA:255,1
DA:264,5
DA:267,7
DA:268,4
DA:269,4
DA:275,6
DA:276,3
DA:277,3
DA:281,7
DA:282,7
DA:283,6
DA:285,5
DA:286,5
DA:287,5
DA:289,4
DA:290,4
DA:291,4
LF:82
LH:82
BRDA:69,1,0,270
BRDA:69,1,1,0
BRDA:87,2,0,62
BRDA:87,2,1,1
BRDA:103,3,0,7
BRDA:103,3,1,1
BRDA:113,4,0,1
BRDA:113,4,1,3
BRDA:179,5,0,264
BRDA:179,5,1,1
BRDA:182,6,0,263
BRDA:182,6,1,1
BRDA:190,7,0,2
BRDA:190,7,1,261
BRDA:222,8,0,7
BRDA:222,8,1,0
BRDA:229,9,0,3
BRDA:229,9,1,4
BRDA:242,10,0,5
BRDA:242,10,1,2
BRDA:246,11,0,1
BRDA:246,11,1,4
BRDA:264,12,0,1
BRDA:264,12,1,4
BRDA:267,13,0,4
BRDA:267,13,1,3
BRDA:276,14,0,3
BRDA:276,14,1,0
BRDA:282,15,0,6
BRDA:282,15,1,1
BRDA:283,16,0,5
BRDA:283,16,1,1
BRDA:287,17,0,4
BRDA:287,17,1,1
BRF:34
BRH:31
end_of_record
TN:
SF:C:\Users\spres\Desktop\staker-shares-contracts\contracts\ShareMinter.sol
FN:42,lock
FN:49,constructor
FN:65,mintShares
FN:95,_startStake
FN:116,mintEarnings
FN:144,_endStake
FN:156,_payMinterEarnings
FN:171,minterWithdraw
FNF:8
FNH:8
FNDA:78,lock
FNDA:18,constructor
FNDA:64,mintShares
FNDA:62,_startStake
FNDA:11,mintEarnings
FNDA:7,_endStake
FNDA:7,_payMinterEarnings
FNDA:3,minterWithdraw
DA:43,78
DA:44,78
DA:45,78
DA:46,70
DA:50,18
DA:66,64
DA:67,63
DA:73,62
DA:76,62
DA:80,62
DA:81,62
DA:84,62
DA:85,62
DA:87,62
DA:105,62
DA:106,62
DA:107,62
DA:109,62
DA:118,11
DA:119,11
DA:120,8
DA:121,8
DA:122,8
DA:123,8
DA:124,8
DA:127,7
DA:128,7
DA:129,7
DA:132,7
DA:133,7
DA:134,7
DA:137,7
DA:139,7
DA:141,7
DA:145,7
DA:146,7
DA:147,7
DA:148,7
DA:161,7
DA:162,1
DA:164,6
DA:172,3
DA:173,3
DA:175,1
DA:176,1
DA:178,1
LF:46
LH:46
BRDA:43,1,0,78
BRDA:43,1,1,0
BRDA:66,2,0,63
BRDA:66,2,1,1
BRDA:67,3,0,62
BRDA:67,3,1,1
BRDA:119,4,0,8
BRDA:119,4,1,3
BRDA:124,5,0,7
BRDA:124,5,1,1
BRDA:161,6,0,1
BRDA:161,6,1,6
BRDA:173,7,0,1
BRDA:173,7,1,2
BRF:14
BRH:13
end_of_record
