TN:
SF:C:\Users\spres\Desktop\staker-shares-contracts\contracts\MinterReceiver.sol
FN:12,supportsInterface
FNF:1
FNH:1
FNDA:186,supportsInterface
DA:13,186
LF:1
LH:1
BRF:0
BRH:0
end_of_record
TN:
SF:C:\Users\spres\Desktop\staker-shares-contracts\contracts\ShareMarket.sol
FN:67,lock
FN:74,constructor
FN:80,onSharesMinted
FN:101,onEarningsMinted
FN:110,supplierHeartsPayable
FN:120,listingBalances
FN:129,listingEarnings
FN:137,sharesOwned
FN:144,_hash
FN:150,multiBuyShares
FN:168,buyShares
FN:173,_buyShares
FN:214,supplierWithdraw
FN:267,claimEarnings
FN:273,_claimEarnings
FNF:15
FNH:15
FNDA:270,lock
FNDA:18,constructor
FNDA:63,onSharesMinted
FNDA:8,onEarningsMinted
FNDA:4,supplierHeartsPayable
FNDA:528,listingBalances
FNDA:14,listingEarnings
FNDA:15,sharesOwned
FNDA:356,_hash
FNDA:2,multiBuyShares
FNDA:255,buyShares
FNDA:265,_buyShares
FNDA:7,supplierWithdraw
FNDA:6,claimEarnings
FNDA:7,_claimEarnings
DA:68,270
DA:69,270
DA:70,270
DA:71,262
DA:75,18
DA:76,18
DA:86,63
DA:89,62
DA:92,62
DA:95,62
DA:97,62
DA:102,8
DA:105,7
DA:106,7
DA:111,4
DA:112,4
DA:113,3
DA:114,3
DA:121,528
DA:122,528
DA:123,528
DA:130,14
DA:131,14
DA:132,14
DA:138,15
DA:145,356
DA:151,2
DA:152,2
DA:153,10
DA:154,10
DA:157,2
DA:169,255
DA:170,253
DA:178,265
DA:180,264
DA:181,264
DA:185,263
DA:189,263
DA:192,263
DA:193,263
DA:194,263
DA:197,263
DA:198,263
DA:199,263
DA:200,263
DA:216,7
DA:217,7
DA:220,7
DA:221,7
DA:224,7
DA:226,3
DA:227,3
DA:229,3
DA:231,3
DA:236,7
DA:237,7
DA:238,5
DA:241,5
DA:243,1
DA:245,1
DA:247,1
DA:248,1
DA:257,5
DA:260,7
DA:261,4
DA:262,4
DA:268,6
DA:269,3
DA:270,3
DA:274,7
DA:275,7
DA:276,6
DA:278,5
DA:279,5
DA:280,5
DA:282,4
DA:283,4
DA:284,4
LF:78
LH:78
BRDA:68,1,0,270
BRDA:68,1,1,0
BRDA:86,2,0,62
BRDA:86,2,1,1
BRDA:102,3,0,7
BRDA:102,3,1,1
BRDA:112,4,0,1
BRDA:112,4,1,3
BRDA:178,5,0,264
BRDA:178,5,1,1
BRDA:181,6,0,263
BRDA:181,6,1,1
BRDA:189,7,0,0
BRDA:189,7,1,263
BRDA:224,8,0,3
BRDA:224,8,1,4
BRDA:237,9,0,5
BRDA:237,9,1,2
BRDA:241,10,0,1
BRDA:241,10,1,4
BRDA:257,11,0,1
BRDA:257,11,1,4
BRDA:260,12,0,4
BRDA:260,12,1,3
BRDA:269,13,0,3
BRDA:269,13,1,0
BRDA:275,14,0,6
BRDA:275,14,1,1
BRDA:276,15,0,5
BRDA:276,15,1,1
BRDA:280,16,0,4
BRDA:280,16,1,1
BRF:32
BRH:29
end_of_record
TN:
SF:C:\Users\spres\Desktop\staker-shares-contracts\contracts\ShareMinter.sol
FN:41,lock
FN:48,constructor
FN:64,mintShares
FN:94,_startStake
FN:114,mintEarnings
FN:138,_endStake
FN:150,_payMinterEarnings
FN:167,minterWithdraw
FNF:8
FNH:8
FNDA:78,lock
FNDA:18,constructor
FNDA:64,mintShares
FNDA:62,_startStake
FNDA:11,mintEarnings
FNDA:10,_endStake
FNDA:7,_payMinterEarnings
FNDA:3,minterWithdraw
DA:42,78
DA:43,78
DA:44,78
DA:45,70
DA:49,18
DA:65,64
DA:66,63
DA:72,62
DA:75,62
DA:79,62
DA:80,62
DA:83,62
DA:84,62
DA:86,62
DA:103,62
DA:104,62
DA:105,62
DA:107,62
DA:116,11
DA:117,11
DA:118,11
DA:121,10
DA:122,7
DA:123,7
DA:126,7
DA:127,7
DA:128,7
DA:131,7
DA:133,7
DA:135,7
DA:139,10
DA:140,10
DA:141,7
DA:142,7
DA:156,7
DA:157,7
DA:158,1
DA:160,6
DA:168,3
DA:169,3
DA:171,1
DA:172,1
DA:174,1
LF:43
LH:43
BRDA:42,1,0,78
BRDA:42,1,1,0
BRDA:65,2,0,63
BRDA:65,2,1,1
BRDA:66,3,0,62
BRDA:66,3,1,1
BRDA:118,4,0,10
BRDA:118,4,1,1
BRDA:157,5,0,1
BRDA:157,5,1,6
BRDA:169,6,0,1
BRDA:169,6,1,2
BRF:12
BRH:11
end_of_record
